
********************************************************

Library: OPERATORS    Cell: and_6u_6u    View: INTERFACE

********************************************************

 Number of ports :                       7
 Number of nets :                        0
 Number of instances :                   0
 Number of references to this view :     1

Total accumulated area : 
 Black Box and_6u_6u :                   1

******************************************************************

Library: OPERATORS    Cell: ram_new_2_lab3_main    View: INTERFACE

******************************************************************

  Cell                                 Library  References     Total Area

 AND2                                  PRIMITIVES     2 x      1      2 AND2
 DFF                                   PRIMITIVES     8 x      1      8 DFF
 FALSE                                 PRIMITIVES     1 x      1      1 FALSE
 TRUE                                  PRIMITIVES     1 x      1      1 TRUE
 clocked_ram_8_4_16_F_F_F_F_F_F_F_F    OPERATORS      1 x      1      1 clocked_ram_8_4_16_F_F_F_F_F_F_F_F

 Number of ports :                      27
 Number of nets :                       39
 Number of instances :                  13
 Number of references to this view :     1

Total accumulated area : 
 Black Box AND2 :                        2
 Black Box DFF :                         8
 Black Box FALSE :                       1
 Black Box TRUE :                        1
 Black Box clocked_ram_8_4_16_F_F_F_F_F_F_F_F :     1
 Number of accumulated instances :      13

******************************************************************

Library: OPERATORS    Cell: ram_new_1_lab3_main    View: INTERFACE

******************************************************************

  Cell                                 Library  References     Total Area

 AND2                                  PRIMITIVES     2 x      1      2 AND2
 DFF                                   PRIMITIVES     8 x      1      8 DFF
 FALSE                                 PRIMITIVES     1 x      1      1 FALSE
 TRUE                                  PRIMITIVES     1 x      1      1 TRUE
 clocked_ram_8_4_16_F_F_F_F_F_F_F_F    OPERATORS      1 x      1      1 clocked_ram_8_4_16_F_F_F_F_F_F_F_F

 Number of ports :                      27
 Number of nets :                       39
 Number of instances :                  13
 Number of references to this view :     1

Total accumulated area : 
 Black Box AND2 :                        2
 Black Box DFF :                         8
 Black Box FALSE :                       1
 Black Box TRUE :                        1
 Black Box clocked_ram_8_4_16_F_F_F_F_F_F_F_F :     1
 Number of accumulated instances :      13

*********************************************************************************

Library: OPERATORS    Cell: clocked_ram_8_4_16_F_F_F_F_F_F_F_F    View: INTERFACE

*********************************************************************************

 Number of ports :                      22
 Number of nets :                        0
 Number of instances :                   0
 Number of references to this view :     3

Total accumulated area : 
 Number of clocked_ram_8_4_16_F_F_F_F_F_F_F_F :     1

******************************************************************

Library: OPERATORS    Cell: ram_new_0_lab3_main    View: INTERFACE

******************************************************************

  Cell                                 Library  References     Total Area

 AND2                                  PRIMITIVES     2 x      1      2 AND2
 DFF                                   PRIMITIVES     8 x      1      8 DFF
 FALSE                                 PRIMITIVES     1 x      1      1 FALSE
 TRUE                                  PRIMITIVES     1 x      1      1 TRUE
 clocked_ram_8_4_16_F_F_F_F_F_F_F_F    OPERATORS      1 x      1      1 clocked_ram_8_4_16_F_F_F_F_F_F_F_F

 Number of ports :                      27
 Number of nets :                       39
 Number of instances :                  13
 Number of references to this view :     1

Total accumulated area : 
 Black Box AND2 :                        2
 Black Box DFF :                         8
 Black Box FALSE :                       1
 Black Box TRUE :                        1
 Black Box clocked_ram_8_4_16_F_F_F_F_F_F_F_F :     1
 Number of accumulated instances :      13

***************************************************************

Library: OPERATORS    Cell: add_8u_8u_8u_0_0    View: INTERFACE

***************************************************************

 Number of ports :                      26
 Number of nets :                        0
 Number of instances :                   0
 Number of references to this view :     1

Total accumulated area : 
 Black Box add_8u_8u_8u_0_0 :            1

*************************************************************

Library: OPERATORS    Cell: sub_8u_8u_8u_0    View: INTERFACE

*************************************************************

 Number of ports :                      26
 Number of nets :                        0
 Number of instances :                   0
 Number of references to this view :     2

Total accumulated area : 
 Black Box sub_8u_8u_8u_0 :              1

*********************************************************************************

Library: OPERATORS    Cell: counter_up_cnt_en_aclear_clock_0_4    View: INTERFACE

*********************************************************************************

  Cell            Library  References     Total Area

 DFFE             PRIMITIVES     4 x      1      4 DFFE
 FALSE            PRIMITIVES     1 x      1      1 FALSE
 TRUE             PRIMITIVES     1 x      1      1 TRUE
 inc_4u_4u_0_0    OPERATORS      1 x      1      1 inc_4u_4u_0_0

 Number of ports :                      16
 Number of nets :                       13
 Number of instances :                   7
 Number of references to this view :     1

Total accumulated area : 
 Black Box DFFE :                        4
 Black Box FALSE :                       1
 Black Box TRUE :                        1
 Black Box inc_4u_4u_0_0 :               1
 Number of accumulated instances :       7

************************************************************

Library: OPERATORS    Cell: inc_4u_4u_0_0    View: INTERFACE

************************************************************

 Number of ports :                      10
 Number of nets :                        8
 Number of instances :                   0
 Number of references to this view :     2

Total accumulated area : 
 Number of inc_4u_4u_0_0 :               1

******************************************************************************************

Library: OPERATORS    Cell: counter_up_cnt_en_aclear_clock_0_4    View: INTERFACE_unfold_1

******************************************************************************************

  Cell            Library  References     Total Area

 DFFE             PRIMITIVES     4 x      1      4 DFFE
 FALSE            PRIMITIVES     1 x      1      1 FALSE
 TRUE             PRIMITIVES     1 x      1      1 TRUE
 inc_4u_4u_0_0    OPERATORS      1 x      1      1 inc_4u_4u_0_0

 Number of ports :                      16
 Number of nets :                       13
 Number of instances :                   7
 Number of references to this view :     1

Total accumulated area : 
 Black Box DFFE :                        4
 Black Box FALSE :                       1
 Black Box TRUE :                        1
 Black Box inc_4u_4u_0_0 :               1
 Number of accumulated instances :       7

************************************************************

Library: OPERATORS    Cell: inc_8u_8u_0_0    View: INTERFACE

************************************************************

 Number of ports :                      18
 Number of nets :                       16
 Number of instances :                   0
 Number of references to this view :     1

Total accumulated area : 
 Black Box inc_8u_8u_0_0 :               1

***********************************************************************************************

Library: OPERATORS    Cell: counter_up_cnt_en_sclear_aclear_clock_clk_en_0_8    View: INTERFACE

***********************************************************************************************

  Cell            Library  References     Total Area

 AND2             PRIMITIVES     9 x      1      9 AND2
 DFFE             PRIMITIVES     8 x      1      8 DFFE
 FALSE            PRIMITIVES     1 x      1      1 FALSE
 INV              PRIMITIVES     1 x      1      1 INV
 OR2              PRIMITIVES     1 x      1      1 OR2
 TRUE             PRIMITIVES     1 x      1      1 TRUE
 inc_8u_8u_0_0    OPERATORS      1 x      1      1 inc_8u_8u_0_0

 Number of ports :                      24
 Number of nets :                       34
 Number of instances :                  22
 Number of references to this view :     1

Total accumulated area : 
 Black Box AND2 :                        9
 Black Box DFFE :                        8
 Black Box FALSE :                       1
 Black Box INV :                         1
 Black Box OR2 :                         1
 Black Box TRUE :                        1
 Black Box inc_8u_8u_0_0 :               1
 Number of accumulated instances :      22

********************************************************

Library: OPERATORS    Cell: and_8u_8u    View: INTERFACE

********************************************************

 Number of ports :                       9
 Number of nets :                        0
 Number of instances :                   0
 Number of references to this view :     1

Total accumulated area : 
 Black Box and_8u_8u :                   1

********************************************************

Library: OPERATORS    Cell: and_4u_4u    View: INTERFACE

********************************************************

 Number of ports :                       5
 Number of nets :                        0
 Number of instances :                   0
 Number of references to this view :     1

Total accumulated area : 
 Black Box and_4u_4u :                   1

********************************************************

Library: OPERATORS    Cell: and_3u_3u    View: INTERFACE

********************************************************

 Number of ports :                       4
 Number of nets :                        0
 Number of instances :                   0
 Number of references to this view :     1

Total accumulated area : 
 Black Box and_3u_3u :                   1

*********************************************************

Library: OPERATORS    Cell: select_3_3    View: INTERFACE

*********************************************************

 Number of ports :                       7
 Number of nets :                        0
 Number of instances :                   0
 Number of references to this view :    16

Total accumulated area : 
 Black Box select_3_3 :                  1

****************************************************************

Library: OPERATORS    Cell: addsub_9u_9u_9u_0    View: INTERFACE

****************************************************************

 Number of ports :                      30
 Number of nets :                        0
 Number of instances :                   0
 Number of references to this view :     1

Total accumulated area : 
 Black Box addsub_9u_9u_9u_0 :           1

*******************************************************

Library: OPERATORS    Cell: or_3u_3u    View: INTERFACE

*******************************************************

 Number of ports :                       4
 Number of nets :                        0
 Number of instances :                   0
 Number of references to this view :     1

Total accumulated area : 
 Black Box or_3u_3u :                    1

*********************************************************

Library: OPERATORS    Cell: select_4_4    View: INTERFACE

*********************************************************

 Number of ports :                       9
 Number of nets :                        0
 Number of instances :                   0
 Number of references to this view :     1

Total accumulated area : 
 Black Box select_4_4 :                  1

*****************************************

Library: work    Cell: lab3    View: main

*****************************************

  Cell                                               Library  References     Total Area

 AND2                                                PRIMITIVES    11 x      1     11 AND2
 DFFE                                                PRIMITIVES     5 x      1      5 DFFE
 FALSE                                               PRIMITIVES     1 x      1      1 FALSE
 INV                                                 PRIMITIVES    22 x      1     22 INV
 MUX                                                 PRIMITIVES     8 x      1      8 MUX
 OR2                                                 PRIMITIVES     8 x      1      8 OR2
 TRUE                                                PRIMITIVES     1 x      1      1 TRUE
 XOR2                                                PRIMITIVES     1 x      1      1 XOR2
 add_8u_8u_8u_0_0                                    OPERATORS      1 x      1      1 add_8u_8u_8u_0_0
 addsub_9u_9u_9u_0                                   OPERATORS      1 x      1      1 addsub_9u_9u_9u_0
 and_3u_3u                                           OPERATORS      1 x      1      1 and_3u_3u
 and_4u_4u                                           OPERATORS      1 x      1      1 and_4u_4u
 and_6u_6u                                           OPERATORS      1 x      1      1 and_6u_6u
 and_8u_8u                                           OPERATORS      1 x      1      1 and_8u_8u
 counter_up_cnt_en_aclear_clock_0_4                  OPERATORS      1 x      1      1 TRUE
                                                                             1      1 inc_4u_4u_0_0
                                                                             4      4 DFFE
                                                                             1      1 FALSE
 counter_up_cnt_en_aclear_clock_0_4                  OPERATORS      1 x      1      1 TRUE
                                                                             1      1 inc_4u_4u_0_0
                                                                             4      4 DFFE
                                                                             1      1 FALSE
 counter_up_cnt_en_sclear_aclear_clock_clk_en_0_8    OPERATORS      1 x      1      1 INV
                                                                             1      1 TRUE
                                                                             1      1 inc_8u_8u_0_0
                                                                             8      8 DFFE
                                                                             9      9 AND2
                                                                             1      1 OR2
                                                                             1      1 FALSE
 or_3u_3u                                            OPERATORS      1 x      1      1 or_3u_3u
 ram_new_0_lab3_main                                 OPERATORS      1 x      2      2 AND2
                                                                             1      1 clocked_ram_8_4_16_F_F_F_F_F_F_F_F
                                                                             8      8 DFF
                                                                             1      1 TRUE
                                                                             1      1 FALSE
 ram_new_1_lab3_main                                 OPERATORS      1 x      2      2 AND2
                                                                             1      1 clocked_ram_8_4_16_F_F_F_F_F_F_F_F
                                                                             8      8 DFF
                                                                             1      1 TRUE
                                                                             1      1 FALSE
 ram_new_2_lab3_main                                 OPERATORS      1 x      2      2 AND2
                                                                             1      1 clocked_ram_8_4_16_F_F_F_F_F_F_F_F
                                                                             8      8 DFF
                                                                             1      1 TRUE
                                                                             1      1 FALSE
 select_3_3                                          OPERATORS     16 x      1     16 select_3_3
 select_4_4                                          OPERATORS      1 x      1      1 select_4_4
 sub_8u_8u_8u_0                                      OPERATORS      2 x      1      2 sub_8u_8u_8u_0

 Number of ports :                      19
 Number of nets :                      166
 Number of instances :                  89
 Number of references to this view :     0

Total accumulated area : 
 Black Box AND2 :                       26
 Black Box DFF :                        24
 Black Box DFFE :                       21
 Black Box FALSE :                       7
 Black Box INV :                        23
 Black Box MUX :                         8
 Black Box OR2 :                         9
 Black Box TRUE :                        7
 Black Box XOR2 :                        1
 Black Box add_8u_8u_8u_0_0 :            1
 Black Box addsub_9u_9u_9u_0 :           1
 Black Box and_3u_3u :                   1
 Black Box and_4u_4u :                   1
 Black Box and_6u_6u :                   1
 Black Box and_8u_8u :                   1
 Black Box clocked_ram_8_4_16_F_F_F_F_F_F_F_F :     3
 Black Box inc_4u_4u_0_0 :               2
 Black Box inc_8u_8u_0_0 :               1
 Black Box or_3u_3u :                    1
 Black Box select_3_3 :                 16
 Black Box select_4_4 :                  1
 Black Box sub_8u_8u_8u_0 :              2
 Number of accumulated instances :     158
